  stdafx.cpp
  Alg.cpp
e:\workspace\researchwork\preparing\dapfsp\alg_tf_2_final\alg\alg.cpp(139): warning C4018: “<”: 有符号/无符号不匹配
e:\workspace\researchwork\preparing\dapfsp\alg_tf_2_final\alg\alg.cpp(143): warning C4018: “<”: 有符号/无符号不匹配
e:\workspace\researchwork\preparing\dapfsp\alg_tf_2_final\alg\alg.cpp(394): warning C4018: “<”: 有符号/无符号不匹配
e:\workspace\researchwork\preparing\dapfsp\alg_tf_2_final\alg\alg.cpp(398): warning C4018: “<”: 有符号/无符号不匹配
e:\workspace\researchwork\preparing\dapfsp\alg_tf_2_final\alg\alg.cpp(638): warning C4018: “<”: 有符号/无符号不匹配
e:\workspace\researchwork\preparing\dapfsp\alg_tf_2_final\alg\alg.cpp(642): warning C4018: “<”: 有符号/无符号不匹配
e:\workspace\researchwork\preparing\dapfsp\alg_tf_2_final\alg\alg.cpp(706): warning C4018: “<”: 有符号/无符号不匹配
e:\workspace\researchwork\preparing\dapfsp\alg_tf_2_final\alg\alg.cpp(710): warning C4018: “<”: 有符号/无符号不匹配
e:\workspace\researchwork\preparing\dapfsp\alg_tf_2_final\alg\alg.cpp(775): warning C4018: “<”: 有符号/无符号不匹配
e:\workspace\researchwork\preparing\dapfsp\alg_tf_2_final\alg\alg.cpp(779): warning C4018: “<”: 有符号/无符号不匹配
e:\workspace\researchwork\preparing\dapfsp\alg_tf_2_final\alg\alg.cpp(1051): warning C4018: “<”: 有符号/无符号不匹配
e:\workspace\researchwork\preparing\dapfsp\alg_tf_2_final\alg\alg.cpp(1131): warning C4018: “<”: 有符号/无符号不匹配
e:\workspace\researchwork\preparing\dapfsp\alg_tf_2_final\alg\alg.cpp(1143): warning C4018: “<”: 有符号/无符号不匹配
e:\workspace\researchwork\preparing\dapfsp\alg_tf_2_final\alg\alg.cpp(1173): warning C4018: “<”: 有符号/无符号不匹配
e:\workspace\researchwork\preparing\dapfsp\alg_tf_2_final\alg\alg.cpp(1565): warning C4018: “<”: 有符号/无符号不匹配
e:\workspace\researchwork\preparing\dapfsp\alg_tf_2_final\alg\alg.cpp(1569): warning C4018: “<”: 有符号/无符号不匹配
e:\workspace\researchwork\preparing\dapfsp\alg_tf_2_final\alg\alg.cpp(1787): warning C4018: “<”: 有符号/无符号不匹配
e:\workspace\researchwork\preparing\dapfsp\alg_tf_2_final\alg\alg.cpp(1793): warning C4018: “<”: 有符号/无符号不匹配
e:\workspace\researchwork\preparing\dapfsp\alg_tf_2_final\alg\alg.cpp(1881): warning C4018: “<”: 有符号/无符号不匹配
e:\workspace\researchwork\preparing\dapfsp\alg_tf_2_final\alg\alg.cpp(1960): warning C4018: “<”: 有符号/无符号不匹配
e:\workspace\researchwork\preparing\dapfsp\alg_tf_2_final\alg\alg.cpp(1967): warning C4018: “<”: 有符号/无符号不匹配
e:\workspace\researchwork\preparing\dapfsp\alg_tf_2_final\alg\alg.cpp(1969): warning C4018: “<”: 有符号/无符号不匹配
e:\workspace\researchwork\preparing\dapfsp\alg_tf_2_final\alg\alg.cpp(1975): warning C4018: “<”: 有符号/无符号不匹配
e:\workspace\researchwork\preparing\dapfsp\alg_tf_2_final\alg\alg.cpp(1982): warning C4018: “<”: 有符号/无符号不匹配
e:\workspace\researchwork\preparing\dapfsp\alg_tf_2_final\alg\alg.cpp(1984): warning C4018: “<”: 有符号/无符号不匹配
e:\workspace\researchwork\preparing\dapfsp\alg_tf_2_final\alg\alg.cpp(1990): warning C4018: “<”: 有符号/无符号不匹配
e:\workspace\researchwork\preparing\dapfsp\alg_tf_2_final\alg\alg.cpp(2001): warning C4018: “<”: 有符号/无符号不匹配
  Base.cpp
  BBO.cpp
e:\workspace\researchwork\preparing\dapfsp\alg_tf_2_final\alg\bbo.cpp(20): warning C4018: “<”: 有符号/无符号不匹配
e:\workspace\researchwork\preparing\dapfsp\alg_tf_2_final\alg\bbo.cpp(34): warning C4018: “<=”: 有符号/无符号不匹配
e:\workspace\researchwork\preparing\dapfsp\alg_tf_2_final\alg\bbo.cpp(68): warning C4018: “<”: 有符号/无符号不匹配
e:\workspace\researchwork\preparing\dapfsp\alg_tf_2_final\alg\bbo.cpp(75): warning C4018: “<=”: 有符号/无符号不匹配
e:\workspace\researchwork\preparing\dapfsp\alg_tf_2_final\alg\bbo.cpp(104): warning C4018: “<”: 有符号/无符号不匹配
e:\workspace\researchwork\preparing\dapfsp\alg_tf_2_final\alg\bbo.cpp(110): warning C4018: “<”: 有符号/无符号不匹配
e:\workspace\researchwork\preparing\dapfsp\alg_tf_2_final\alg\bbo.cpp(181): warning C4018: “<”: 有符号/无符号不匹配
e:\workspace\researchwork\preparing\dapfsp\alg_tf_2_final\alg\bbo.cpp(216): warning C4018: “<”: 有符号/无符号不匹配
e:\workspace\researchwork\preparing\dapfsp\alg_tf_2_final\alg\bbo.cpp(299): warning C4018: “>=”: 有符号/无符号不匹配
e:\workspace\researchwork\preparing\dapfsp\alg_tf_2_final\alg\bbo.cpp(324): warning C4018: “>=”: 有符号/无符号不匹配
e:\workspace\researchwork\preparing\dapfsp\alg_tf_2_final\alg\bbo.cpp(336): warning C4018: “<”: 有符号/无符号不匹配
e:\workspace\researchwork\preparing\dapfsp\alg_tf_2_final\alg\bbo.cpp(374): warning C4018: “<”: 有符号/无符号不匹配
e:\workspace\researchwork\preparing\dapfsp\alg_tf_2_final\alg\bbo.cpp(457): warning C4018: “>=”: 有符号/无符号不匹配
e:\workspace\researchwork\preparing\dapfsp\alg_tf_2_final\alg\bbo.cpp(482): warning C4018: “>=”: 有符号/无符号不匹配
e:\workspace\researchwork\preparing\dapfsp\alg_tf_2_final\alg\bbo.cpp(494): warning C4018: “<”: 有符号/无符号不匹配
e:\workspace\researchwork\preparing\dapfsp\alg_tf_2_final\alg\bbo.cpp(507): warning C4018: “<”: 有符号/无符号不匹配
e:\workspace\researchwork\preparing\dapfsp\alg_tf_2_final\alg\bbo.cpp(531): warning C4018: “<”: 有符号/无符号不匹配
e:\workspace\researchwork\preparing\dapfsp\alg_tf_2_final\alg\bbo.cpp(614): warning C4018: “>=”: 有符号/无符号不匹配
e:\workspace\researchwork\preparing\dapfsp\alg_tf_2_final\alg\bbo.cpp(639): warning C4018: “>=”: 有符号/无符号不匹配
e:\workspace\researchwork\preparing\dapfsp\alg_tf_2_final\alg\bbo.cpp(685): warning C4018: “<”: 有符号/无符号不匹配
e:\workspace\researchwork\preparing\dapfsp\alg_tf_2_final\alg\bbo.cpp(792): warning C4018: “>=”: 有符号/无符号不匹配
e:\workspace\researchwork\preparing\dapfsp\alg_tf_2_final\alg\bbo.cpp(804): warning C4018: “<”: 有符号/无符号不匹配
e:\workspace\researchwork\preparing\dapfsp\alg_tf_2_final\alg\bbo.cpp(838): warning C4018: “<”: 有符号/无符号不匹配
e:\workspace\researchwork\preparing\dapfsp\alg_tf_2_final\alg\bbo.cpp(921): warning C4018: “>=”: 有符号/无符号不匹配
e:\workspace\researchwork\preparing\dapfsp\alg_tf_2_final\alg\bbo.cpp(958): warning C4018: “<”: 有符号/无符号不匹配
e:\workspace\researchwork\preparing\dapfsp\alg_tf_2_final\alg\bbo.cpp(992): warning C4018: “<”: 有符号/无符号不匹配
e:\workspace\researchwork\preparing\dapfsp\alg_tf_2_final\alg\bbo.cpp(1074): warning C4018: “>=”: 有符号/无符号不匹配
e:\workspace\researchwork\preparing\dapfsp\alg_tf_2_final\alg\bbo.cpp(1148): warning C4018: “<”: 有符号/无符号不匹配
e:\workspace\researchwork\preparing\dapfsp\alg_tf_2_final\alg\bbo.cpp(1257): warning C4018: “>=”: 有符号/无符号不匹配
e:\workspace\researchwork\preparing\dapfsp\alg_tf_2_final\alg\bbo.cpp(1303): warning C4018: “<”: 有符号/无符号不匹配
e:\workspace\researchwork\preparing\dapfsp\alg_tf_2_final\alg\bbo.cpp(1424): warning C4018: “<”: 有符号/无符号不匹配
  DIWO.cpp
e:\workspace\researchwork\preparing\dapfsp\alg_tf_2_final\alg\diwo.cpp(86): warning C4018: “<”: 有符号/无符号不匹配
e:\workspace\researchwork\preparing\dapfsp\alg_tf_2_final\alg\diwo.cpp(94): warning C4018: “<=”: 有符号/无符号不匹配
e:\workspace\researchwork\preparing\dapfsp\alg_tf_2_final\alg\diwo.cpp(137): warning C4018: “<”: 有符号/无符号不匹配
e:\workspace\researchwork\preparing\dapfsp\alg_tf_2_final\alg\diwo.cpp(150): warning C4018: “<=”: 有符号/无符号不匹配
e:\workspace\researchwork\preparing\dapfsp\alg_tf_2_final\alg\diwo.cpp(178): warning C4018: “<”: 有符号/无符号不匹配
e:\workspace\researchwork\preparing\dapfsp\alg_tf_2_final\alg\diwo.cpp(277): warning C4018: “<”: 有符号/无符号不匹配
e:\workspace\researchwork\preparing\dapfsp\alg_tf_2_final\alg\diwo.cpp(323): warning C4018: “<”: 有符号/无符号不匹配
e:\workspace\researchwork\preparing\dapfsp\alg_tf_2_final\alg\diwo.cpp(341): warning C4018: “<”: 有符号/无符号不匹配
e:\workspace\researchwork\preparing\dapfsp\alg_tf_2_final\alg\diwo.cpp(358): warning C4018: “<”: 有符号/无符号不匹配
e:\workspace\researchwork\preparing\dapfsp\alg_tf_2_final\alg\diwo.cpp(382): warning C4018: “<”: 有符号/无符号不匹配
e:\workspace\researchwork\preparing\dapfsp\alg_tf_2_final\alg\diwo.cpp(389): warning C4018: “<”: 有符号/无符号不匹配
e:\workspace\researchwork\preparing\dapfsp\alg_tf_2_final\alg\diwo.cpp(434): warning C4018: “<”: 有符号/无符号不匹配
e:\workspace\researchwork\preparing\dapfsp\alg_tf_2_final\alg\diwo.cpp(453): warning C4018: “<”: 有符号/无符号不匹配
e:\workspace\researchwork\preparing\dapfsp\alg_tf_2_final\alg\diwo.cpp(470): warning C4018: “<”: 有符号/无符号不匹配
e:\workspace\researchwork\preparing\dapfsp\alg_tf_2_final\alg\diwo.cpp(570): warning C4018: “<”: 有符号/无符号不匹配
e:\workspace\researchwork\preparing\dapfsp\alg_tf_2_final\alg\diwo.cpp(616): warning C4018: “<”: 有符号/无符号不匹配
e:\workspace\researchwork\preparing\dapfsp\alg_tf_2_final\alg\diwo.cpp(634): warning C4018: “<”: 有符号/无符号不匹配
e:\workspace\researchwork\preparing\dapfsp\alg_tf_2_final\alg\diwo.cpp(651): warning C4018: “<”: 有符号/无符号不匹配
e:\workspace\researchwork\preparing\dapfsp\alg_tf_2_final\alg\diwo.cpp(668): warning C4018: “<”: 有符号/无符号不匹配
e:\workspace\researchwork\preparing\dapfsp\alg_tf_2_final\alg\diwo.cpp(679): warning C4018: “<”: 有符号/无符号不匹配
e:\workspace\researchwork\preparing\dapfsp\alg_tf_2_final\alg\diwo.cpp(686): warning C4018: “<”: 有符号/无符号不匹配
e:\workspace\researchwork\preparing\dapfsp\alg_tf_2_final\alg\diwo.cpp(731): warning C4018: “<”: 有符号/无符号不匹配
e:\workspace\researchwork\preparing\dapfsp\alg_tf_2_final\alg\diwo.cpp(750): warning C4018: “<”: 有符号/无符号不匹配
e:\workspace\researchwork\preparing\dapfsp\alg_tf_2_final\alg\diwo.cpp(767): warning C4018: “<”: 有符号/无符号不匹配
e:\workspace\researchwork\preparing\dapfsp\alg_tf_2_final\alg\diwo.cpp(783): warning C4018: “<”: 有符号/无符号不匹配
e:\workspace\researchwork\preparing\dapfsp\alg_tf_2_final\alg\diwo.cpp(831): warning C4018: “<”: 有符号/无符号不匹配
e:\workspace\researchwork\preparing\dapfsp\alg_tf_2_final\alg\diwo.cpp(854): warning C4018: “<”: 有符号/无符号不匹配
e:\workspace\researchwork\preparing\dapfsp\alg_tf_2_final\alg\diwo.cpp(861): warning C4018: “<”: 有符号/无符号不匹配
e:\workspace\researchwork\preparing\dapfsp\alg_tf_2_final\alg\diwo.cpp(908): warning C4018: “<”: 有符号/无符号不匹配
e:\workspace\researchwork\preparing\dapfsp\alg_tf_2_final\alg\diwo.cpp(926): warning C4018: “<”: 有符号/无符号不匹配
e:\workspace\researchwork\preparing\dapfsp\alg_tf_2_final\alg\diwo.cpp(942): warning C4018: “<”: 有符号/无符号不匹配
e:\workspace\researchwork\preparing\dapfsp\alg_tf_2_final\alg\diwo.cpp(1001): warning C4018: “<”: 有符号/无符号不匹配
e:\workspace\researchwork\preparing\dapfsp\alg_tf_2_final\alg\diwo.cpp(1031): warning C4018: “<”: 有符号/无符号不匹配
e:\workspace\researchwork\preparing\dapfsp\alg_tf_2_final\alg\diwo.cpp(1038): warning C4018: “<”: 有符号/无符号不匹配
e:\workspace\researchwork\preparing\dapfsp\alg_tf_2_final\alg\diwo.cpp(1085): warning C4018: “<”: 有符号/无符号不匹配
e:\workspace\researchwork\preparing\dapfsp\alg_tf_2_final\alg\diwo.cpp(1103): warning C4018: “<”: 有符号/无符号不匹配
e:\workspace\researchwork\preparing\dapfsp\alg_tf_2_final\alg\diwo.cpp(1119): warning C4018: “<”: 有符号/无符号不匹配
e:\workspace\researchwork\preparing\dapfsp\alg_tf_2_final\alg\diwo.cpp(1136): warning C4018: “<”: 有符号/无符号不匹配
e:\workspace\researchwork\preparing\dapfsp\alg_tf_2_final\alg\diwo.cpp(1181): warning C4018: “<”: 有符号/无符号不匹配
e:\workspace\researchwork\preparing\dapfsp\alg_tf_2_final\alg\diwo.cpp(1204): warning C4018: “<”: 有符号/无符号不匹配
e:\workspace\researchwork\preparing\dapfsp\alg_tf_2_final\alg\diwo.cpp(1211): warning C4018: “<”: 有符号/无符号不匹配
e:\workspace\researchwork\preparing\dapfsp\alg_tf_2_final\alg\diwo.cpp(1268): warning C4018: “<”: 有符号/无符号不匹配
e:\workspace\researchwork\preparing\dapfsp\alg_tf_2_final\alg\diwo.cpp(1290): warning C4018: “<”: 有符号/无符号不匹配
e:\workspace\researchwork\preparing\dapfsp\alg_tf_2_final\alg\diwo.cpp(1307): warning C4018: “<”: 有符号/无符号不匹配
e:\workspace\researchwork\preparing\dapfsp\alg_tf_2_final\alg\diwo.cpp(1366): warning C4018: “<”: 有符号/无符号不匹配
e:\workspace\researchwork\preparing\dapfsp\alg_tf_2_final\alg\diwo.cpp(1396): warning C4018: “<”: 有符号/无符号不匹配
e:\workspace\researchwork\preparing\dapfsp\alg_tf_2_final\alg\diwo.cpp(1403): warning C4018: “<”: 有符号/无符号不匹配
e:\workspace\researchwork\preparing\dapfsp\alg_tf_2_final\alg\diwo.cpp(1460): warning C4018: “<”: 有符号/无符号不匹配
e:\workspace\researchwork\preparing\dapfsp\alg_tf_2_final\alg\diwo.cpp(1482): warning C4018: “<”: 有符号/无符号不匹配
e:\workspace\researchwork\preparing\dapfsp\alg_tf_2_final\alg\diwo.cpp(1499): warning C4018: “<”: 有符号/无符号不匹配
e:\workspace\researchwork\preparing\dapfsp\alg_tf_2_final\alg\diwo.cpp(1515): warning C4018: “<”: 有符号/无符号不匹配
  EDA.cpp
e:\workspace\researchwork\preparing\dapfsp\alg_tf_2_final\alg\eda.cpp(17): warning C4018: “<”: 有符号/无符号不匹配
e:\workspace\researchwork\preparing\dapfsp\alg_tf_2_final\alg\eda.cpp(27): warning C4018: “<”: 有符号/无符号不匹配
e:\workspace\researchwork\preparing\dapfsp\alg_tf_2_final\alg\eda.cpp(49): warning C4018: “<”: 有符号/无符号不匹配
e:\workspace\researchwork\preparing\dapfsp\alg_tf_2_final\alg\eda.cpp(66): warning C4018: “<”: 有符号/无符号不匹配
e:\workspace\researchwork\preparing\dapfsp\alg_tf_2_final\alg\eda.cpp(77): warning C4018: “<”: 有符号/无符号不匹配
e:\workspace\researchwork\preparing\dapfsp\alg_tf_2_final\alg\eda.cpp(159): warning C4018: “<”: 有符号/无符号不匹配
e:\workspace\researchwork\preparing\dapfsp\alg_tf_2_final\alg\eda.cpp(181): warning C4018: “<”: 有符号/无符号不匹配
e:\workspace\researchwork\preparing\dapfsp\alg_tf_2_final\alg\eda.cpp(225): warning C4018: “<”: 有符号/无符号不匹配
e:\workspace\researchwork\preparing\dapfsp\alg_tf_2_final\alg\eda.cpp(239): warning C4018: “<”: 有符号/无符号不匹配
e:\workspace\researchwork\preparing\dapfsp\alg_tf_2_final\alg\eda.cpp(288): warning C4018: “<”: 有符号/无符号不匹配
e:\workspace\researchwork\preparing\dapfsp\alg_tf_2_final\alg\eda.cpp(311): warning C4018: “<”: 有符号/无符号不匹配
e:\workspace\researchwork\preparing\dapfsp\alg_tf_2_final\alg\eda.cpp(369): warning C4018: “<”: 有符号/无符号不匹配
e:\workspace\researchwork\preparing\dapfsp\alg_tf_2_final\alg\eda.cpp(383): warning C4018: “<”: 有符号/无符号不匹配
e:\workspace\researchwork\preparing\dapfsp\alg_tf_2_final\alg\eda.cpp(437): warning C4018: “<”: 有符号/无符号不匹配
e:\workspace\researchwork\preparing\dapfsp\alg_tf_2_final\alg\eda.cpp(467): warning C4018: “<”: 有符号/无符号不匹配
e:\workspace\researchwork\preparing\dapfsp\alg_tf_2_final\alg\eda.cpp(512): warning C4018: “<”: 有符号/无符号不匹配
e:\workspace\researchwork\preparing\dapfsp\alg_tf_2_final\alg\eda.cpp(549): warning C4018: “<”: 有符号/无符号不匹配
e:\workspace\researchwork\preparing\dapfsp\alg_tf_2_final\alg\eda.cpp(580): warning C4018: “<”: 有符号/无符号不匹配
e:\workspace\researchwork\preparing\dapfsp\alg_tf_2_final\alg\eda.cpp(628): warning C4244: “初始化”: 从“double”转换到“int”，可能丢失数据
e:\workspace\researchwork\preparing\dapfsp\alg_tf_2_final\alg\eda.cpp(671): warning C4018: “<”: 有符号/无符号不匹配
e:\workspace\researchwork\preparing\dapfsp\alg_tf_2_final\alg\eda.cpp(694): warning C4018: “<”: 有符号/无符号不匹配
e:\workspace\researchwork\preparing\dapfsp\alg_tf_2_final\alg\eda.cpp(706): warning C4018: “<”: 有符号/无符号不匹配
e:\workspace\researchwork\preparing\dapfsp\alg_tf_2_final\alg\eda.cpp(713): warning C4018: “<”: 有符号/无符号不匹配
  Heuristic.cpp
e:\workspace\researchwork\preparing\dapfsp\alg_tf_2_final\alg\heuristic.cpp(18): warning C4018: “<”: 有符号/无符号不匹配
e:\workspace\researchwork\preparing\dapfsp\alg_tf_2_final\alg\heuristic.cpp(21): warning C4018: “<”: 有符号/无符号不匹配
e:\workspace\researchwork\preparing\dapfsp\alg_tf_2_final\alg\heuristic.cpp(46): warning C4018: “<”: 有符号/无符号不匹配
e:\workspace\researchwork\preparing\dapfsp\alg_tf_2_final\alg\heuristic.cpp(49): warning C4018: “<”: 有符号/无符号不匹配
e:\workspace\researchwork\preparing\dapfsp\alg_tf_2_final\alg\heuristic.cpp(209): warning C4018: “<”: 有符号/无符号不匹配
e:\workspace\researchwork\preparing\dapfsp\alg_tf_2_final\alg\heuristic.cpp(216): warning C4018: “<=”: 有符号/无符号不匹配
e:\workspace\researchwork\preparing\dapfsp\alg_tf_2_final\alg\heuristic.cpp(246): warning C4018: “<”: 有符号/无符号不匹配
e:\workspace\researchwork\preparing\dapfsp\alg_tf_2_final\alg\heuristic.cpp(250): warning C4018: “<”: 有符号/无符号不匹配
e:\workspace\researchwork\preparing\dapfsp\alg_tf_2_final\alg\heuristic.cpp(256): warning C4018: “<=”: 有符号/无符号不匹配
  Memetic.cpp
e:\workspace\researchwork\preparing\dapfsp\alg_tf_2_final\alg\memetic.cpp(135): warning C4018: “<”: 有符号/无符号不匹配
e:\workspace\researchwork\preparing\dapfsp\alg_tf_2_final\alg\memetic.cpp(165): warning C4018: “<”: 有符号/无符号不匹配
e:\workspace\researchwork\preparing\dapfsp\alg_tf_2_final\alg\memetic.cpp(187): warning C4018: “<”: 有符号/无符号不匹配
e:\workspace\researchwork\preparing\dapfsp\alg_tf_2_final\alg\memetic.cpp(316): warning C4018: “<”: 有符号/无符号不匹配
e:\workspace\researchwork\preparing\dapfsp\alg_tf_2_final\alg\memetic.cpp(435): warning C4018: “<”: 有符号/无符号不匹配
e:\workspace\researchwork\preparing\dapfsp\alg_tf_2_final\alg\memetic.cpp(441): warning C4018: “<”: 有符号/无符号不匹配
  NOperator.cpp
e:\workspace\researchwork\preparing\dapfsp\alg_tf_2_final\alg\noperator.cpp(15): warning C4018: “<”: 有符号/无符号不匹配
e:\workspace\researchwork\preparing\dapfsp\alg_tf_2_final\alg\noperator.cpp(21): warning C4018: “<”: 有符号/无符号不匹配
e:\workspace\researchwork\preparing\dapfsp\alg_tf_2_final\alg\noperator.cpp(29): warning C4018: “<”: 有符号/无符号不匹配
e:\workspace\researchwork\preparing\dapfsp\alg_tf_2_final\alg\noperator.cpp(35): warning C4018: “<”: 有符号/无符号不匹配
e:\workspace\researchwork\preparing\dapfsp\alg_tf_2_final\alg\noperator.cpp(43): warning C4018: “<”: 有符号/无符号不匹配
e:\workspace\researchwork\preparing\dapfsp\alg_tf_2_final\alg\noperator.cpp(51): warning C4018: “<”: 有符号/无符号不匹配
e:\workspace\researchwork\preparing\dapfsp\alg_tf_2_final\alg\noperator.cpp(59): warning C4018: “<”: 有符号/无符号不匹配
e:\workspace\researchwork\preparing\dapfsp\alg_tf_2_final\alg\noperator.cpp(67): warning C4018: “<”: 有符号/无符号不匹配
e:\workspace\researchwork\preparing\dapfsp\alg_tf_2_final\alg\noperator.cpp(82): warning C4018: “<”: 有符号/无符号不匹配
e:\workspace\researchwork\preparing\dapfsp\alg_tf_2_final\alg\noperator.cpp(110): warning C4018: “<”: 有符号/无符号不匹配
e:\workspace\researchwork\preparing\dapfsp\alg_tf_2_final\alg\noperator.cpp(119): warning C4018: “<=”: 有符号/无符号不匹配
e:\workspace\researchwork\preparing\dapfsp\alg_tf_2_final\alg\noperator.cpp(134): warning C4018: “<”: 有符号/无符号不匹配
e:\workspace\researchwork\preparing\dapfsp\alg_tf_2_final\alg\noperator.cpp(168): warning C4018: “<”: 有符号/无符号不匹配
e:\workspace\researchwork\preparing\dapfsp\alg_tf_2_final\alg\noperator.cpp(170): warning C4018: “<”: 有符号/无符号不匹配
e:\workspace\researchwork\preparing\dapfsp\alg_tf_2_final\alg\noperator.cpp(200): warning C4018: “<”: 有符号/无符号不匹配
e:\workspace\researchwork\preparing\dapfsp\alg_tf_2_final\alg\noperator.cpp(213): warning C4018: “<”: 有符号/无符号不匹配
e:\workspace\researchwork\preparing\dapfsp\alg_tf_2_final\alg\noperator.cpp(216): warning C4018: “<”: 有符号/无符号不匹配
e:\workspace\researchwork\preparing\dapfsp\alg_tf_2_final\alg\noperator.cpp(255): warning C4018: “<”: 有符号/无符号不匹配
e:\workspace\researchwork\preparing\dapfsp\alg_tf_2_final\alg\noperator.cpp(258): warning C4018: “<”: 有符号/无符号不匹配
e:\workspace\researchwork\preparing\dapfsp\alg_tf_2_final\alg\noperator.cpp(296): warning C4018: “<”: 有符号/无符号不匹配
e:\workspace\researchwork\preparing\dapfsp\alg_tf_2_final\alg\noperator.cpp(299): warning C4018: “<”: 有符号/无符号不匹配
e:\workspace\researchwork\preparing\dapfsp\alg_tf_2_final\alg\noperator.cpp(339): warning C4018: “<”: 有符号/无符号不匹配
e:\workspace\researchwork\preparing\dapfsp\alg_tf_2_final\alg\noperator.cpp(342): warning C4018: “<”: 有符号/无符号不匹配
e:\workspace\researchwork\preparing\dapfsp\alg_tf_2_final\alg\noperator.cpp(442): warning C4018: “<”: 有符号/无符号不匹配
e:\workspace\researchwork\preparing\dapfsp\alg_tf_2_final\alg\noperator.cpp(463): warning C4018: “<”: 有符号/无符号不匹配
e:\workspace\researchwork\preparing\dapfsp\alg_tf_2_final\alg\noperator.cpp(497): warning C4018: “<”: 有符号/无符号不匹配
e:\workspace\researchwork\preparing\dapfsp\alg_tf_2_final\alg\noperator.cpp(509): warning C4018: “<”: 有符号/无符号不匹配
  Problem.cpp
e:\workspace\researchwork\preparing\dapfsp\alg_tf_2_final\alg\problem.cpp(23): warning C4018: “<”: 有符号/无符号不匹配
  正在生成代码
  All 992 functions were compiled because no usable IPDB/IOBJ from previous compilation was found.
  已完成代码的生成
  Alg.vcxproj -> E:\workspace\Researchwork\Preparing\DAPFSP\Alg_TF_2_Final\Release\Alg.exe
