e:\workspace\researchwork\preparing\dapfsp\alg_tf_2_final\release\alg.ipdb
e:\workspace\researchwork\preparing\dapfsp\alg_tf_2_final\release\alg.iobj
e:\workspace\researchwork\preparing\dapfsp\alg_tf_2_final\alg\release\alg.pch
e:\workspace\researchwork\preparing\dapfsp\alg_tf_2_final\alg\release\vc141.pdb
e:\workspace\researchwork\preparing\dapfsp\alg_tf_2_final\alg\release\stdafx.obj
e:\workspace\researchwork\preparing\dapfsp\alg_tf_2_final\alg\release\problem.obj
e:\workspace\researchwork\preparing\dapfsp\alg_tf_2_final\alg\release\noperator.obj
e:\workspace\researchwork\preparing\dapfsp\alg_tf_2_final\alg\release\memetic.obj
e:\workspace\researchwork\preparing\dapfsp\alg_tf_2_final\alg\release\heuristic.obj
e:\workspace\researchwork\preparing\dapfsp\alg_tf_2_final\alg\release\eda.obj
e:\workspace\researchwork\preparing\dapfsp\alg_tf_2_final\alg\release\diwo.obj
e:\workspace\researchwork\preparing\dapfsp\alg_tf_2_final\alg\release\bbo.obj
e:\workspace\researchwork\preparing\dapfsp\alg_tf_2_final\alg\release\base.obj
e:\workspace\researchwork\preparing\dapfsp\alg_tf_2_final\alg\release\alg.obj
e:\workspace\researchwork\preparing\dapfsp\alg_tf_2_final\release\alg.exe
e:\workspace\researchwork\preparing\dapfsp\alg_tf_2_final\release\alg.pdb
e:\workspace\researchwork\preparing\dapfsp\alg_tf_2_final\alg\release\alg.tlog\alg.write.1u.tlog
e:\workspace\researchwork\preparing\dapfsp\alg_tf_2_final\alg\release\alg.tlog\cl.command.1.tlog
e:\workspace\researchwork\preparing\dapfsp\alg_tf_2_final\alg\release\alg.tlog\cl.read.1.tlog
e:\workspace\researchwork\preparing\dapfsp\alg_tf_2_final\alg\release\alg.tlog\cl.write.1.tlog
e:\workspace\researchwork\preparing\dapfsp\alg_tf_2_final\alg\release\alg.tlog\link.command.1.tlog
e:\workspace\researchwork\preparing\dapfsp\alg_tf_2_final\alg\release\alg.tlog\link.read.1.tlog
e:\workspace\researchwork\preparing\dapfsp\alg_tf_2_final\alg\release\alg.tlog\link.write.1.tlog
