e:\workspace\researchwork\preparing\dapfsp\alg_tf_2\alg\debug\alg.pch
e:\workspace\researchwork\preparing\dapfsp\alg_tf_2\alg\debug\vc141.pdb
e:\workspace\researchwork\preparing\dapfsp\alg_tf_2\alg\debug\vc141.idb
e:\workspace\researchwork\preparing\dapfsp\alg_tf_2\alg\debug\stdafx.obj
e:\workspace\researchwork\preparing\dapfsp\alg_tf_2\alg\debug\problem.obj
e:\workspace\researchwork\preparing\dapfsp\alg_tf_2\alg\debug\noperator.obj
e:\workspace\researchwork\preparing\dapfsp\alg_tf_2\alg\debug\memetic.obj
e:\workspace\researchwork\preparing\dapfsp\alg_tf_2\alg\debug\ils.obj
e:\workspace\researchwork\preparing\dapfsp\alg_tf_2\alg\debug\heuristic.obj
e:\workspace\researchwork\preparing\dapfsp\alg_tf_2\alg\debug\eda.obj
e:\workspace\researchwork\preparing\dapfsp\alg_tf_2\alg\debug\diwo.obj
e:\workspace\researchwork\preparing\dapfsp\alg_tf_2\alg\debug\bbo.obj
e:\workspace\researchwork\preparing\dapfsp\alg_tf_2\alg\debug\base.obj
e:\workspace\researchwork\preparing\dapfsp\alg_tf_2\alg\debug\alg.obj
e:\workspace\researchwork\preparing\dapfsp\alg_tf_2\debug\alg.ilk
e:\workspace\researchwork\preparing\dapfsp\alg_tf_2\debug\alg.exe
e:\workspace\researchwork\preparing\dapfsp\alg_tf_2\debug\alg.pdb
e:\workspace\researchwork\preparing\dapfsp\alg_tf_2_final\alg\debug\alg.obj
e:\workspace\researchwork\preparing\dapfsp\alg_tf_2_final\alg\debug\base.obj
e:\workspace\researchwork\preparing\dapfsp\alg_tf_2_final\alg\debug\bbo.obj
e:\workspace\researchwork\preparing\dapfsp\alg_tf_2_final\alg\debug\diwo.obj
e:\workspace\researchwork\preparing\dapfsp\alg_tf_2_final\alg\debug\eda.obj
e:\workspace\researchwork\preparing\dapfsp\alg_tf_2_final\alg\debug\heuristic.obj
e:\workspace\researchwork\preparing\dapfsp\alg_tf_2_final\alg\debug\ils.obj
e:\workspace\researchwork\preparing\dapfsp\alg_tf_2_final\alg\debug\memetic.obj
e:\workspace\researchwork\preparing\dapfsp\alg_tf_2_final\alg\debug\noperator.obj
e:\workspace\researchwork\preparing\dapfsp\alg_tf_2_final\alg\debug\problem.obj
e:\workspace\researchwork\preparing\dapfsp\alg_tf_2_final\alg\debug\stdafx.obj
e:\workspace\researchwork\preparing\dapfsp\alg_tf_2_final\alg\debug\alg.pch
e:\workspace\researchwork\preparing\dapfsp\alg_tf_2_final\alg\debug\vc141.idb
e:\workspace\researchwork\preparing\dapfsp\alg_tf_2_final\alg\debug\vc141.pdb
e:\workspace\researchwork\preparing\dapfsp\alg_tf_2_final\debug\alg.pdb
e:\workspace\researchwork\preparing\dapfsp\alg_tf_2_final\debug\alg.exe
e:\workspace\researchwork\preparing\dapfsp\alg_tf_2_final\debug\alg.ilk
e:\workspace\researchwork\preparing\dapfsp\alg_tf_2_final\alg\debug\alg.tlog\cl.command.1.tlog
e:\workspace\researchwork\preparing\dapfsp\alg_tf_2_final\alg\debug\alg.tlog\cl.read.1.tlog
e:\workspace\researchwork\preparing\dapfsp\alg_tf_2_final\alg\debug\alg.tlog\cl.write.1.tlog
e:\workspace\researchwork\preparing\dapfsp\alg_tf_2_final\alg\debug\alg.tlog\link.command.1.tlog
e:\workspace\researchwork\preparing\dapfsp\alg_tf_2_final\alg\debug\alg.tlog\link.read.1.tlog
e:\workspace\researchwork\preparing\dapfsp\alg_tf_2_final\alg\debug\alg.tlog\link.write.1.tlog
